{"D:\\Projetos\\Foxbit\\RoverControl\\src\\enums\\DegreeCardinalDirection.ts": {"path":"D:\\Projetos\\Foxbit\\RoverControl\\src\\enums\\DegreeCardinalDirection.ts","all":false,"statementMap":{"0":{"start":{"line":1,"column":0},"end":{"line":1,"column":37}},"1":{"start":{"line":2,"column":0},"end":{"line":2,"column":10}},"2":{"start":{"line":3,"column":0},"end":{"line":3,"column":12}},"3":{"start":{"line":4,"column":0},"end":{"line":4,"column":11}},"4":{"start":{"line":5,"column":0},"end":{"line":5,"column":11}},"5":{"start":{"line":6,"column":0},"end":{"line":6,"column":1}},"6":{"start":{"line":7,"column":0},"end":{"line":7,"column":61}},"7":{"start":{"line":8,"column":0},"end":{"line":8,"column":66}},"8":{"start":{"line":9,"column":0},"end":{"line":9,"column":1}},"9":{"start":{"line":10,"column":0},"end":{"line":10,"column":0}},"10":{"start":{"line":11,"column":0},"end":{"line":11,"column":58}},"11":{"start":{"line":12,"column":0},"end":{"line":12,"column":46}},"12":{"start":{"line":13,"column":0},"end":{"line":13,"column":1}}},"s":{"0":1,"1":1,"2":1,"3":1,"4":1,"5":1,"6":1,"7":0,"8":0,"9":1,"10":1,"11":0,"12":0},"branchMap":{"0":{"type":"branch","line":1,"loc":{"start":{"line":1,"column":35},"end":{"line":1,"column":37}},"locations":[{"start":{"line":1,"column":35},"end":{"line":1,"column":37}}]}},"b":{"0":[4]},"fnMap":{"0":{"name":"getDirectionDegree","decl":{"start":{"line":7,"column":35},"end":{"line":9,"column":1}},"loc":{"start":{"line":7,"column":35},"end":{"line":9,"column":1}},"line":7},"1":{"name":"getDegreeDirection","decl":{"start":{"line":11,"column":35},"end":{"line":13,"column":1}},"loc":{"start":{"line":11,"column":35},"end":{"line":13,"column":1}},"line":11}},"f":{"0":0,"1":0}}
,"D:\\Projetos\\Foxbit\\RoverControl\\src\\enums\\MoveCommand.ts": {"path":"D:\\Projetos\\Foxbit\\RoverControl\\src\\enums\\MoveCommand.ts","all":false,"statementMap":{"0":{"start":{"line":1,"column":0},"end":{"line":1,"column":25}},"1":{"start":{"line":2,"column":0},"end":{"line":2,"column":8}},"2":{"start":{"line":3,"column":0},"end":{"line":3,"column":8}},"3":{"start":{"line":4,"column":0},"end":{"line":4,"column":7}},"4":{"start":{"line":5,"column":0},"end":{"line":5,"column":1}},"5":{"start":{"line":6,"column":0},"end":{"line":6,"column":0}},"6":{"start":{"line":7,"column":0},"end":{"line":7,"column":65}},"7":{"start":{"line":8,"column":0},"end":{"line":8,"column":42}},"8":{"start":{"line":9,"column":0},"end":{"line":9,"column":1}}},"s":{"0":1,"1":1,"2":1,"3":1,"4":1,"5":1,"6":1,"7":0,"8":0},"branchMap":{"0":{"type":"branch","line":1,"loc":{"start":{"line":1,"column":23},"end":{"line":1,"column":25}},"locations":[{"start":{"line":1,"column":23},"end":{"line":1,"column":25}}]}},"b":{"0":[2]},"fnMap":{"0":{"name":"getMoveCommandFromString","decl":{"start":{"line":7,"column":41},"end":{"line":9,"column":1}},"loc":{"start":{"line":7,"column":41},"end":{"line":9,"column":1}},"line":7}},"f":{"0":0}}
,"D:\\Projetos\\Foxbit\\RoverControl\\src\\models\\Position.ts": {"path":"D:\\Projetos\\Foxbit\\RoverControl\\src\\models\\Position.ts","all":false,"statementMap":{"0":{"start":{"line":1,"column":0},"end":{"line":1,"column":23}},"1":{"start":{"line":2,"column":0},"end":{"line":2,"column":16}},"2":{"start":{"line":3,"column":0},"end":{"line":3,"column":21}},"3":{"start":{"line":4,"column":0},"end":{"line":4,"column":20}},"4":{"start":{"line":5,"column":0},"end":{"line":5,"column":7}},"5":{"start":{"line":6,"column":0},"end":{"line":6,"column":1}}},"s":{"0":1,"1":1,"2":96,"3":96,"4":96,"5":1},"branchMap":{"0":{"type":"branch","line":2,"loc":{"start":{"line":2,"column":4},"end":{"line":5,"column":7}},"locations":[{"start":{"line":2,"column":4},"end":{"line":5,"column":7}}]}},"b":{"0":[96]},"fnMap":{"0":{"name":"Position","decl":{"start":{"line":2,"column":4},"end":{"line":5,"column":7}},"loc":{"start":{"line":2,"column":4},"end":{"line":5,"column":7}},"line":2}},"f":{"0":96}}
,"D:\\Projetos\\Foxbit\\RoverControl\\src\\models\\Rover.ts": {"path":"D:\\Projetos\\Foxbit\\RoverControl\\src\\models\\Rover.ts","all":false,"statementMap":{"0":{"start":{"line":1,"column":0},"end":{"line":1,"column":38}},"1":{"start":{"line":2,"column":0},"end":{"line":2,"column":0}},"2":{"start":{"line":3,"column":0},"end":{"line":3,"column":20}},"3":{"start":{"line":4,"column":0},"end":{"line":4,"column":17}},"4":{"start":{"line":5,"column":0},"end":{"line":5,"column":33}},"5":{"start":{"line":6,"column":0},"end":{"line":6,"column":34}},"6":{"start":{"line":7,"column":0},"end":{"line":7,"column":32}},"7":{"start":{"line":8,"column":0},"end":{"line":8,"column":8}},"8":{"start":{"line":9,"column":0},"end":{"line":9,"column":1}}},"s":{"0":1,"1":1,"2":1,"3":1,"4":64,"5":64,"6":64,"7":64,"8":1},"branchMap":{"0":{"type":"branch","line":4,"loc":{"start":{"line":4,"column":4},"end":{"line":8,"column":8}},"locations":[{"start":{"line":4,"column":4},"end":{"line":8,"column":8}}]}},"b":{"0":[64]},"fnMap":{"0":{"name":"Rover","decl":{"start":{"line":4,"column":4},"end":{"line":8,"column":8}},"loc":{"start":{"line":4,"column":4},"end":{"line":8,"column":8}},"line":4}},"f":{"0":64}}
,"D:\\Projetos\\Foxbit\\RoverControl\\src\\repository\\RoverRepository.ts": {"path":"D:\\Projetos\\Foxbit\\RoverControl\\src\\repository\\RoverRepository.ts","all":false,"statementMap":{"0":{"start":{"line":1,"column":0},"end":{"line":1,"column":38}},"1":{"start":{"line":2,"column":0},"end":{"line":2,"column":40}},"2":{"start":{"line":3,"column":0},"end":{"line":3,"column":0}},"3":{"start":{"line":4,"column":0},"end":{"line":4,"column":30}},"4":{"start":{"line":5,"column":0},"end":{"line":5,"column":0}},"5":{"start":{"line":6,"column":0},"end":{"line":6,"column":69}},"6":{"start":{"line":7,"column":0},"end":{"line":7,"column":4}},"7":{"start":{"line":8,"column":0},"end":{"line":8,"column":0}},"8":{"start":{"line":9,"column":0},"end":{"line":9,"column":26}},"9":{"start":{"line":10,"column":0},"end":{"line":10,"column":40}},"10":{"start":{"line":11,"column":0},"end":{"line":11,"column":5}},"11":{"start":{"line":12,"column":0},"end":{"line":12,"column":0}},"12":{"start":{"line":13,"column":0},"end":{"line":13,"column":4}},"13":{"start":{"line":14,"column":0},"end":{"line":14,"column":20}},"14":{"start":{"line":15,"column":0},"end":{"line":15,"column":65}},"15":{"start":{"line":16,"column":0},"end":{"line":16,"column":5}},"16":{"start":{"line":17,"column":0},"end":{"line":17,"column":0}},"17":{"start":{"line":18,"column":0},"end":{"line":18,"column":38}},"18":{"start":{"line":19,"column":0},"end":{"line":19,"column":0}},"19":{"start":{"line":20,"column":0},"end":{"line":20,"column":24}},"20":{"start":{"line":21,"column":0},"end":{"line":21,"column":0}},"21":{"start":{"line":22,"column":0},"end":{"line":22,"column":27}},"22":{"start":{"line":23,"column":0},"end":{"line":23,"column":0}},"23":{"start":{"line":24,"column":0},"end":{"line":24,"column":25}},"24":{"start":{"line":25,"column":0},"end":{"line":25,"column":51}},"25":{"start":{"line":26,"column":0},"end":{"line":26,"column":5}},"26":{"start":{"line":27,"column":0},"end":{"line":27,"column":0}},"27":{"start":{"line":28,"column":0},"end":{"line":28,"column":35}},"28":{"start":{"line":29,"column":0},"end":{"line":29,"column":36}},"29":{"start":{"line":30,"column":0},"end":{"line":30,"column":32}},"30":{"start":{"line":31,"column":0},"end":{"line":31,"column":21}},"31":{"start":{"line":32,"column":0},"end":{"line":32,"column":5}},"32":{"start":{"line":33,"column":0},"end":{"line":33,"column":0}},"33":{"start":{"line":34,"column":0},"end":{"line":34,"column":31}},"34":{"start":{"line":35,"column":0},"end":{"line":35,"column":32}},"35":{"start":{"line":36,"column":0},"end":{"line":36,"column":5}},"36":{"start":{"line":37,"column":0},"end":{"line":37,"column":0}},"37":{"start":{"line":38,"column":0},"end":{"line":38,"column":20}},"38":{"start":{"line":39,"column":0},"end":{"line":39,"column":27}},"39":{"start":{"line":40,"column":0},"end":{"line":40,"column":5}},"40":{"start":{"line":41,"column":0},"end":{"line":41,"column":1}}},"s":{"0":1,"1":1,"2":1,"3":1,"4":1,"5":1,"6":1,"7":1,"8":1,"9":0,"10":0,"11":1,"12":1,"13":1,"14":4,"15":4,"16":1,"17":1,"18":1,"19":1,"20":1,"21":1,"22":1,"23":1,"24":10,"25":10,"26":1,"27":1,"28":8,"29":8,"30":8,"31":8,"32":1,"33":1,"34":0,"35":0,"36":1,"37":1,"38":2,"39":2,"40":1},"branchMap":{"0":{"type":"branch","line":6,"loc":{"start":{"line":6,"column":4},"end":{"line":6,"column":68}},"locations":[{"start":{"line":6,"column":4},"end":{"line":6,"column":68}}]},"1":{"type":"branch","line":14,"loc":{"start":{"line":14,"column":11},"end":{"line":16,"column":5}},"locations":[{"start":{"line":14,"column":11},"end":{"line":16,"column":5}}]},"2":{"type":"branch","line":18,"loc":{"start":{"line":18,"column":12},"end":{"line":18,"column":37}},"locations":[{"start":{"line":18,"column":12},"end":{"line":18,"column":37}}]},"3":{"type":"branch","line":22,"loc":{"start":{"line":22,"column":12},"end":{"line":22,"column":27}},"locations":[{"start":{"line":22,"column":12},"end":{"line":22,"column":27}}]},"4":{"type":"branch","line":24,"loc":{"start":{"line":24,"column":4},"end":{"line":26,"column":5}},"locations":[{"start":{"line":24,"column":4},"end":{"line":26,"column":5}}]},"5":{"type":"branch","line":28,"loc":{"start":{"line":28,"column":4},"end":{"line":32,"column":5}},"locations":[{"start":{"line":28,"column":4},"end":{"line":32,"column":5}}]},"6":{"type":"branch","line":38,"loc":{"start":{"line":38,"column":4},"end":{"line":40,"column":5}},"locations":[{"start":{"line":38,"column":4},"end":{"line":40,"column":5}}]}},"b":{"0":[2],"1":[4],"2":[6],"3":[6],"4":[10],"5":[8],"6":[2]},"fnMap":{"0":{"name":"<static_initializer>","decl":{"start":{"line":6,"column":4},"end":{"line":6,"column":68}},"loc":{"start":{"line":6,"column":4},"end":{"line":6,"column":68}},"line":6},"1":{"name":"getInstance","decl":{"start":{"line":9,"column":11},"end":{"line":11,"column":5}},"loc":{"start":{"line":9,"column":11},"end":{"line":11,"column":5}},"line":9},"2":{"name":"reset","decl":{"start":{"line":14,"column":11},"end":{"line":16,"column":5}},"loc":{"start":{"line":14,"column":11},"end":{"line":16,"column":5}},"line":14},"3":{"name":"<instance_members_initializer>","decl":{"start":{"line":18,"column":12},"end":{"line":18,"column":37}},"loc":{"start":{"line":18,"column":12},"end":{"line":18,"column":37}},"line":18},"4":{"name":"RoverRepository","decl":{"start":{"line":22,"column":12},"end":{"line":22,"column":27}},"loc":{"start":{"line":22,"column":12},"end":{"line":22,"column":27}},"line":22},"5":{"name":"getCurrId","decl":{"start":{"line":24,"column":4},"end":{"line":26,"column":5}},"loc":{"start":{"line":24,"column":4},"end":{"line":26,"column":5}},"line":24},"6":{"name":"addRover","decl":{"start":{"line":28,"column":4},"end":{"line":32,"column":5}},"loc":{"start":{"line":28,"column":4},"end":{"line":32,"column":5}},"line":28},"7":{"name":"setArea","decl":{"start":{"line":34,"column":4},"end":{"line":36,"column":5}},"loc":{"start":{"line":34,"column":4},"end":{"line":36,"column":5}},"line":34},"8":{"name":"getRoverList","decl":{"start":{"line":38,"column":4},"end":{"line":40,"column":5}},"loc":{"start":{"line":38,"column":4},"end":{"line":40,"column":5}},"line":38}},"f":{"0":2,"1":0,"2":4,"3":6,"4":6,"5":10,"6":8,"7":0,"8":2}}
,"D:\\Projetos\\Foxbit\\RoverControl\\src\\utils\\AxisDegreeUtils.ts": {"path":"D:\\Projetos\\Foxbit\\RoverControl\\src\\utils\\AxisDegreeUtils.ts","all":false,"statementMap":{"0":{"start":{"line":1,"column":0},"end":{"line":1,"column":37}},"1":{"start":{"line":2,"column":0},"end":{"line":2,"column":0}},"2":{"start":{"line":3,"column":0},"end":{"line":3,"column":30}},"3":{"start":{"line":4,"column":0},"end":{"line":4,"column":83}},"4":{"start":{"line":5,"column":0},"end":{"line":5,"column":10}},"5":{"start":{"line":6,"column":0},"end":{"line":6,"column":67}},"6":{"start":{"line":7,"column":0},"end":{"line":7,"column":21}},"7":{"start":{"line":8,"column":0},"end":{"line":8,"column":35}},"8":{"start":{"line":9,"column":0},"end":{"line":9,"column":75}},"9":{"start":{"line":10,"column":0},"end":{"line":10,"column":67}},"10":{"start":{"line":11,"column":0},"end":{"line":11,"column":22}},"11":{"start":{"line":12,"column":0},"end":{"line":12,"column":9}},"12":{"start":{"line":13,"column":0},"end":{"line":13,"column":48}},"13":{"start":{"line":14,"column":0},"end":{"line":14,"column":27}},"14":{"start":{"line":15,"column":0},"end":{"line":15,"column":21}},"15":{"start":{"line":16,"column":0},"end":{"line":16,"column":9}},"16":{"start":{"line":17,"column":0},"end":{"line":17,"column":33}},"17":{"start":{"line":18,"column":0},"end":{"line":18,"column":38}},"18":{"start":{"line":19,"column":0},"end":{"line":19,"column":0}},"19":{"start":{"line":20,"column":0},"end":{"line":20,"column":5}},"20":{"start":{"line":21,"column":0},"end":{"line":21,"column":0}},"21":{"start":{"line":22,"column":0},"end":{"line":22,"column":44}},"22":{"start":{"line":23,"column":0},"end":{"line":23,"column":55}},"23":{"start":{"line":24,"column":0},"end":{"line":24,"column":5}},"24":{"start":{"line":25,"column":0},"end":{"line":25,"column":1}},"25":{"start":{"line":26,"column":0},"end":{"line":26,"column":51}},"26":{"start":{"line":27,"column":0},"end":{"line":27,"column":26}},"27":{"start":{"line":28,"column":0},"end":{"line":28,"column":51}},"28":{"start":{"line":29,"column":0},"end":{"line":29,"column":27}},"29":{"start":{"line":30,"column":0},"end":{"line":30,"column":14}},"30":{"start":{"line":31,"column":0},"end":{"line":31,"column":35}},"31":{"start":{"line":32,"column":0},"end":{"line":32,"column":51}},"32":{"start":{"line":33,"column":0},"end":{"line":33,"column":27}},"33":{"start":{"line":34,"column":0},"end":{"line":34,"column":14}},"34":{"start":{"line":35,"column":0},"end":{"line":35,"column":9}},"35":{"start":{"line":36,"column":0},"end":{"line":36,"column":24}},"36":{"start":{"line":37,"column":0},"end":{"line":37,"column":30}},"37":{"start":{"line":38,"column":0},"end":{"line":38,"column":16}},"38":{"start":{"line":39,"column":0},"end":{"line":39,"column":25}},"39":{"start":{"line":40,"column":0},"end":{"line":40,"column":9}},"40":{"start":{"line":41,"column":0},"end":{"line":41,"column":5}},"41":{"start":{"line":42,"column":0},"end":{"line":42,"column":1}}},"s":{"0":1,"1":1,"2":1,"3":1,"4":52,"5":52,"6":52,"7":52,"8":20,"9":20,"10":20,"11":20,"12":52,"13":52,"14":26,"15":26,"16":26,"17":26,"18":26,"19":26,"20":1,"21":1,"22":52,"23":52,"24":1,"25":1,"26":134,"27":38,"28":38,"29":38,"30":134,"31":32,"32":32,"33":32,"34":32,"35":134,"36":12,"37":134,"38":52,"39":52,"40":134,"41":1},"branchMap":{"0":{"type":"branch","line":4,"loc":{"start":{"line":4,"column":11},"end":{"line":20,"column":5}},"locations":[{"start":{"line":4,"column":11},"end":{"line":20,"column":5}}]},"1":{"type":"branch","line":8,"loc":{"start":{"line":8,"column":34},"end":{"line":12,"column":9}},"locations":[{"start":{"line":8,"column":34},"end":{"line":12,"column":9}}]},"2":{"type":"branch","line":14,"loc":{"start":{"line":14,"column":26},"end":{"line":20,"column":5}},"locations":[{"start":{"line":14,"column":26},"end":{"line":20,"column":5}}]},"3":{"type":"branch","line":22,"loc":{"start":{"line":22,"column":11},"end":{"line":24,"column":5}},"locations":[{"start":{"line":22,"column":11},"end":{"line":24,"column":5}}]},"4":{"type":"branch","line":26,"loc":{"start":{"line":26,"column":11},"end":{"line":41,"column":5}},"locations":[{"start":{"line":26,"column":11},"end":{"line":41,"column":5}}]},"5":{"type":"branch","line":27,"loc":{"start":{"line":27,"column":25},"end":{"line":31,"column":9}},"locations":[{"start":{"line":27,"column":25},"end":{"line":31,"column":9}}]},"6":{"type":"branch","line":31,"loc":{"start":{"line":31,"column":9},"end":{"line":35,"column":9}},"locations":[{"start":{"line":31,"column":9},"end":{"line":35,"column":9}}]},"7":{"type":"branch","line":31,"loc":{"start":{"line":31,"column":34},"end":{"line":35,"column":9}},"locations":[{"start":{"line":31,"column":34},"end":{"line":35,"column":9}}]},"8":{"type":"branch","line":35,"loc":{"start":{"line":35,"column":8},"end":{"line":36,"column":23}},"locations":[{"start":{"line":35,"column":8},"end":{"line":36,"column":23}}]},"9":{"type":"branch","line":36,"loc":{"start":{"line":36,"column":23},"end":{"line":38,"column":9}},"locations":[{"start":{"line":36,"column":23},"end":{"line":38,"column":9}}]},"10":{"type":"branch","line":38,"loc":{"start":{"line":38,"column":9},"end":{"line":40,"column":9}},"locations":[{"start":{"line":38,"column":9},"end":{"line":40,"column":9}}]}},"b":{"0":[52],"1":[20],"2":[26],"3":[52],"4":[134],"5":[38],"6":[96],"7":[32],"8":[64],"9":[12],"10":[52]},"fnMap":{"0":{"name":"calculateAxis","decl":{"start":{"line":4,"column":11},"end":{"line":20,"column":5}},"loc":{"start":{"line":4,"column":11},"end":{"line":20,"column":5}},"line":4},"1":{"name":"calcDegree","decl":{"start":{"line":22,"column":11},"end":{"line":24,"column":5}},"loc":{"start":{"line":22,"column":11},"end":{"line":24,"column":5}},"line":22},"2":{"name":"convertToDegree","decl":{"start":{"line":26,"column":11},"end":{"line":41,"column":5}},"loc":{"start":{"line":26,"column":11},"end":{"line":41,"column":5}},"line":26}},"f":{"0":52,"1":52,"2":134}}
,"D:\\Projetos\\Foxbit\\RoverControl\\src\\utils\\RoverControlUtils.ts": {"path":"D:\\Projetos\\Foxbit\\RoverControl\\src\\utils\\RoverControlUtils.ts","all":false,"statementMap":{"0":{"start":{"line":1,"column":0},"end":{"line":1,"column":75}},"1":{"start":{"line":2,"column":0},"end":{"line":2,"column":51}},"2":{"start":{"line":3,"column":0},"end":{"line":3,"column":46}},"3":{"start":{"line":4,"column":0},"end":{"line":4,"column":40}},"4":{"start":{"line":5,"column":0},"end":{"line":5,"column":52}},"5":{"start":{"line":6,"column":0},"end":{"line":6,"column":0}},"6":{"start":{"line":7,"column":0},"end":{"line":7,"column":32}},"7":{"start":{"line":8,"column":0},"end":{"line":8,"column":85}},"8":{"start":{"line":9,"column":0},"end":{"line":9,"column":94}},"9":{"start":{"line":10,"column":0},"end":{"line":10,"column":21}},"10":{"start":{"line":11,"column":0},"end":{"line":11,"column":5}},"11":{"start":{"line":12,"column":0},"end":{"line":12,"column":76}},"12":{"start":{"line":13,"column":0},"end":{"line":13,"column":84}},"13":{"start":{"line":14,"column":0},"end":{"line":14,"column":87}},"14":{"start":{"line":15,"column":0},"end":{"line":15,"column":21}},"15":{"start":{"line":16,"column":0},"end":{"line":16,"column":5}},"16":{"start":{"line":17,"column":0},"end":{"line":17,"column":0}},"17":{"start":{"line":18,"column":0},"end":{"line":18,"column":90}},"18":{"start":{"line":19,"column":0},"end":{"line":19,"column":74}},"19":{"start":{"line":20,"column":0},"end":{"line":20,"column":39}},"20":{"start":{"line":21,"column":0},"end":{"line":21,"column":28}},"21":{"start":{"line":22,"column":0},"end":{"line":22,"column":9}},"22":{"start":{"line":23,"column":0},"end":{"line":23,"column":42}},"23":{"start":{"line":24,"column":0},"end":{"line":24,"column":24}},"24":{"start":{"line":25,"column":0},"end":{"line":25,"column":97}},"25":{"start":{"line":26,"column":0},"end":{"line":26,"column":97}},"26":{"start":{"line":27,"column":0},"end":{"line":27,"column":24}},"27":{"start":{"line":28,"column":0},"end":{"line":28,"column":5}},"28":{"start":{"line":29,"column":0},"end":{"line":29,"column":0}},"29":{"start":{"line":30,"column":0},"end":{"line":30,"column":89}},"30":{"start":{"line":31,"column":0},"end":{"line":31,"column":40}},"31":{"start":{"line":32,"column":0},"end":{"line":32,"column":39}},"32":{"start":{"line":33,"column":0},"end":{"line":33,"column":29}},"33":{"start":{"line":34,"column":0},"end":{"line":34,"column":9}},"34":{"start":{"line":35,"column":0},"end":{"line":35,"column":55}},"35":{"start":{"line":36,"column":0},"end":{"line":36,"column":64}},"36":{"start":{"line":37,"column":0},"end":{"line":37,"column":25}},"37":{"start":{"line":38,"column":0},"end":{"line":38,"column":5}},"38":{"start":{"line":39,"column":0},"end":{"line":39,"column":0}},"39":{"start":{"line":40,"column":0},"end":{"line":40,"column":0}},"40":{"start":{"line":41,"column":0},"end":{"line":41,"column":0}},"41":{"start":{"line":42,"column":0},"end":{"line":42,"column":1}}},"s":{"0":1,"1":1,"2":1,"3":1,"4":1,"5":1,"6":1,"7":1,"8":8,"9":8,"10":8,"11":1,"12":24,"13":24,"14":24,"15":24,"16":1,"17":1,"18":32,"19":32,"20":14,"21":14,"22":18,"23":18,"24":18,"25":18,"26":18,"27":18,"28":1,"29":1,"30":32,"31":32,"32":14,"33":14,"34":32,"35":32,"36":32,"37":32,"38":1,"39":1,"40":1,"41":1},"branchMap":{"0":{"type":"branch","line":8,"loc":{"start":{"line":8,"column":11},"end":{"line":11,"column":5}},"locations":[{"start":{"line":8,"column":11},"end":{"line":11,"column":5}}]},"1":{"type":"branch","line":9,"loc":{"start":{"line":9,"column":25},"end":{"line":9,"column":92}},"locations":[{"start":{"line":9,"column":25},"end":{"line":9,"column":92}}]},"2":{"type":"branch","line":12,"loc":{"start":{"line":12,"column":11},"end":{"line":16,"column":5}},"locations":[{"start":{"line":12,"column":11},"end":{"line":16,"column":5}}]},"3":{"type":"branch","line":18,"loc":{"start":{"line":18,"column":11},"end":{"line":28,"column":5}},"locations":[{"start":{"line":18,"column":11},"end":{"line":28,"column":5}}]},"4":{"type":"branch","line":20,"loc":{"start":{"line":20,"column":38},"end":{"line":22,"column":9}},"locations":[{"start":{"line":20,"column":38},"end":{"line":22,"column":9}}]},"5":{"type":"branch","line":22,"loc":{"start":{"line":22,"column":8},"end":{"line":28,"column":5}},"locations":[{"start":{"line":22,"column":8},"end":{"line":28,"column":5}}]},"6":{"type":"branch","line":30,"loc":{"start":{"line":30,"column":11},"end":{"line":38,"column":5}},"locations":[{"start":{"line":30,"column":11},"end":{"line":38,"column":5}}]},"7":{"type":"branch","line":32,"loc":{"start":{"line":32,"column":38},"end":{"line":34,"column":9}},"locations":[{"start":{"line":32,"column":38},"end":{"line":34,"column":9}}]},"8":{"type":"branch","line":34,"loc":{"start":{"line":34,"column":8},"end":{"line":35,"column":53}},"locations":[{"start":{"line":34,"column":8},"end":{"line":35,"column":53}}]},"9":{"type":"branch","line":35,"loc":{"start":{"line":35,"column":49},"end":{"line":35,"column":54}},"locations":[{"start":{"line":35,"column":49},"end":{"line":35,"column":54}}]}},"b":{"0":[8],"1":[12],"2":[24],"3":[32],"4":[14],"5":[18],"6":[32],"7":[14],"8":[18],"9":[0]},"fnMap":{"0":{"name":"executeCommands","decl":{"start":{"line":8,"column":11},"end":{"line":11,"column":5}},"loc":{"start":{"line":8,"column":11},"end":{"line":11,"column":5}},"line":8},"1":{"name":"executeCommand","decl":{"start":{"line":12,"column":11},"end":{"line":16,"column":5}},"loc":{"start":{"line":12,"column":11},"end":{"line":16,"column":5}},"line":12},"2":{"name":"calculatePosition","decl":{"start":{"line":18,"column":11},"end":{"line":28,"column":5}},"loc":{"start":{"line":18,"column":11},"end":{"line":28,"column":5}},"line":18},"3":{"name":"calculateDirection","decl":{"start":{"line":30,"column":11},"end":{"line":38,"column":5}},"loc":{"start":{"line":30,"column":11},"end":{"line":38,"column":5}},"line":30}},"f":{"0":8,"1":24,"2":32,"3":32}}
}
