TN:
SF:src\enums\DegreeCardinalDirection.ts
FN:7,getDirectionDegree
FN:11,getDegreeDirection
FNF:2
FNH:0
FNDA:0,getDirectionDegree
FNDA:0,getDegreeDirection
DA:1,1
DA:2,1
DA:3,1
DA:4,1
DA:5,1
DA:6,1
DA:7,1
DA:8,0
DA:9,0
DA:10,1
DA:11,1
DA:12,0
DA:13,0
LF:13
LH:9
BRDA:1,0,0,4
BRF:1
BRH:1
end_of_record
TN:
SF:src\enums\MoveCommand.ts
FN:7,getMoveCommandFromString
FNF:1
FNH:0
FNDA:0,getMoveCommandFromString
DA:1,1
DA:2,1
DA:3,1
DA:4,1
DA:5,1
DA:6,1
DA:7,1
DA:8,0
DA:9,0
LF:9
LH:7
BRDA:1,0,0,2
BRF:1
BRH:1
end_of_record
TN:
SF:src\models\Position.ts
FN:2,Position
FNF:1
FNH:1
FNDA:96,Position
DA:1,1
DA:2,1
DA:3,96
DA:4,96
DA:5,96
DA:6,1
LF:6
LH:6
BRDA:2,0,0,96
BRF:1
BRH:1
end_of_record
TN:
SF:src\models\Rover.ts
FN:4,Rover
FNF:1
FNH:1
FNDA:64,Rover
DA:1,1
DA:2,1
DA:3,1
DA:4,1
DA:5,64
DA:6,64
DA:7,64
DA:8,64
DA:9,1
LF:9
LH:9
BRDA:4,0,0,64
BRF:1
BRH:1
end_of_record
TN:
SF:src\repository\RoverRepository.ts
FN:6,<static_initializer>
FN:9,getInstance
FN:14,reset
FN:18,<instance_members_initializer>
FN:22,RoverRepository
FN:24,getCurrId
FN:28,addRover
FN:34,setArea
FN:38,getRoverList
FNF:9
FNH:7
FNDA:2,<static_initializer>
FNDA:0,getInstance
FNDA:4,reset
FNDA:6,<instance_members_initializer>
FNDA:6,RoverRepository
FNDA:10,getCurrId
FNDA:8,addRover
FNDA:0,setArea
FNDA:2,getRoverList
DA:1,1
DA:2,1
DA:3,1
DA:4,1
DA:5,1
DA:6,1
DA:7,1
DA:8,1
DA:9,1
DA:10,0
DA:11,0
DA:12,1
DA:13,1
DA:14,1
DA:15,4
DA:16,4
DA:17,1
DA:18,1
DA:19,1
DA:20,1
DA:21,1
DA:22,1
DA:23,1
DA:24,1
DA:25,10
DA:26,10
DA:27,1
DA:28,1
DA:29,8
DA:30,8
DA:31,8
DA:32,8
DA:33,1
DA:34,1
DA:35,0
DA:36,0
DA:37,1
DA:38,1
DA:39,2
DA:40,2
DA:41,1
LF:41
LH:37
BRDA:6,0,0,2
BRDA:14,1,0,4
BRDA:18,2,0,6
BRDA:22,3,0,6
BRDA:24,4,0,10
BRDA:28,5,0,8
BRDA:38,6,0,2
BRF:7
BRH:7
end_of_record
TN:
SF:src\utils\AxisDegreeUtils.ts
FN:4,calculateAxis
FN:22,calcDegree
FN:26,convertToDegree
FNF:3
FNH:3
FNDA:52,calculateAxis
FNDA:52,calcDegree
FNDA:134,convertToDegree
DA:1,1
DA:2,1
DA:3,1
DA:4,1
DA:5,52
DA:6,52
DA:7,52
DA:8,52
DA:9,20
DA:10,20
DA:11,20
DA:12,20
DA:13,52
DA:14,52
DA:15,26
DA:16,26
DA:17,26
DA:18,26
DA:19,26
DA:20,26
DA:21,1
DA:22,1
DA:23,52
DA:24,52
DA:25,1
DA:26,1
DA:27,134
DA:28,38
DA:29,38
DA:30,38
DA:31,134
DA:32,32
DA:33,32
DA:34,32
DA:35,32
DA:36,134
DA:37,12
DA:38,134
DA:39,52
DA:40,52
DA:41,134
DA:42,1
LF:42
LH:42
BRDA:4,0,0,52
BRDA:8,1,0,20
BRDA:14,2,0,26
BRDA:22,3,0,52
BRDA:26,4,0,134
BRDA:27,5,0,38
BRDA:31,6,0,96
BRDA:31,7,0,32
BRDA:35,8,0,64
BRDA:36,9,0,12
BRDA:38,10,0,52
BRF:11
BRH:11
end_of_record
TN:
SF:src\utils\RoverControlUtils.ts
FN:8,executeCommands
FN:12,executeCommand
FN:18,calculatePosition
FN:30,calculateDirection
FNF:4
FNH:4
FNDA:8,executeCommands
FNDA:24,executeCommand
FNDA:32,calculatePosition
FNDA:32,calculateDirection
DA:1,1
DA:2,1
DA:3,1
DA:4,1
DA:5,1
DA:6,1
DA:7,1
DA:8,1
DA:9,8
DA:10,8
DA:11,8
DA:12,1
DA:13,24
DA:14,24
DA:15,24
DA:16,24
DA:17,1
DA:18,1
DA:19,32
DA:20,32
DA:21,14
DA:22,14
DA:23,18
DA:24,18
DA:25,18
DA:26,18
DA:27,18
DA:28,18
DA:29,1
DA:30,1
DA:31,32
DA:32,32
DA:33,14
DA:34,14
DA:35,32
DA:36,32
DA:37,32
DA:38,32
DA:39,1
DA:40,1
DA:41,1
DA:42,1
LF:42
LH:42
BRDA:8,0,0,8
BRDA:9,1,0,12
BRDA:12,2,0,24
BRDA:18,3,0,32
BRDA:20,4,0,14
BRDA:22,5,0,18
BRDA:30,6,0,32
BRDA:32,7,0,14
BRDA:34,8,0,18
BRDA:35,9,0,0
BRF:10
BRH:9
end_of_record
